[2025-03-01T10:21:26.491Z] [ERROR] Error in registerByEmail for email asmehra0628@gmail.com: relation "Users" does not exist
[2025-03-01T10:23:11.120Z] [ERROR] Error in registerByEmail for email asmehra0628@gmail.com: relation "Users" does not exist
[2025-03-01T10:23:34.520Z] [ERROR] Error in registerByEmail for email asmehra0628@gmail.com: relation "Users" does not exist
[2025-03-01T10:24:23.224Z] [ERROR] Error in registerByEmail for email asmehra0628@gmail.com: relation "Users" does not exist
[2025-03-01T10:24:30.939Z] [ERROR] Error in registerByEmail for email asmehra0628@gmail.com: relation "Users" does not exist
[2025-03-01T10:26:09.086Z] [ERROR] Error in registerByEmail for email asmehra0628@gmail.com: relation "Users" does not exist
[2025-03-01T10:29:57.986Z] [ERROR] Error in registerByEmail for email asmehra0628@gmail.com: relation "Users" does not exist
[2025-03-01T10:30:06.246Z] [ERROR] Error in registerByEmail for email asmehra0628@gmail.com: relation "Users" does not exist
[2025-03-01T10:31:38.089Z] [ERROR] Error in registerByEmail for email asmehra0628@gmail.com: relation "Users" does not exist
[2025-03-01T10:33:05.549Z] [ERROR] Error in registerByEmail for email asmehra0628@gmail.com: relation "Users" does not exist
[2025-03-01T10:33:23.327Z] [ERROR] Error in registerByEmail for email asmehra0628@gmail.com: relation "Users" does not exist
[2025-03-01T10:33:38.970Z] [ERROR] Error in registerByEmail for email asmehra0628@gmail.com: relation "Users" does not exist
[2025-03-01T10:34:11.438Z] [ERROR] Error in registerByEmail for email asmehra0628@gmail.com: error is not a constructor
[2025-03-01T10:35:49.610Z] [ERROR] Error in registerByEmail for email asmehra0628@gmail.com: error is not a constructor
[2025-03-01T10:37:19.532Z] [ERROR] Error in registerByEmail for email asmehra0628@gmail.com: relation "Users" does not exist
[2025-03-01T11:26:41.554Z] [ERROR] Error in registerByEmail for email asmehra0628@gmail.com: syntax error at or near "ON"
[2025-03-01T11:27:58.907Z] [ERROR] Error in registerByEmail for email asmehra0628@gmail.com: syntax error at or near "ON"
[2025-03-01T11:28:38.458Z] [ERROR] Error in registerByEmail for email asmehra0628@gmail.com: syntax error at or near "ON"
[2025-03-01T11:29:21.132Z] [ERROR] Error in registerByEmail for email asmehra0628@gmail.com: syntax error at or near "ON"
[2025-03-01T11:29:57.518Z] [ERROR] Error in registerByEmail for email asmehra0628@gmail.com: syntax error at or near "ON"
[2025-03-01T11:30:12.692Z] [ERROR] Error in registerByEmail for email asmehra0628@gmail.com: syntax error at or near "ON"
[2025-03-01T11:30:25.898Z] [ERROR] Error in registerByEmail for email asmehra0628@gmail.com: syntax error at or near "ON"
[2025-03-01T11:39:19.868Z] [ERROR] Error in registerByEmail for email asmehra0628@gmail.com: syntax error at or near "ON"
[2025-03-01T11:39:28.881Z] [ERROR] Error in registerByEmail for email asmehra0628@gmail.com: syntax error at or near "ON"
[2025-03-01T11:40:14.072Z] [ERROR] Error in registerByEmail for email asmehra0628@gmail.com: syntax error at or near "ON"
[2025-03-01T11:45:09.967Z] [ERROR] Error in registerByEmail for email asmehra0628@gmail.com: syntax error at or near "ON"
[2025-03-01T11:48:44.124Z] [INFO] New OTP sent to new user: asmehra0628@gmail.com
[2025-03-01T11:52:50.715Z] [INFO] OTP resent to existing pending user: asmehra0628@gmail.com
[2025-03-01T11:54:52.580Z] [INFO] OTP resent to existing pending user: asmehra0628@gmail.com
[2025-03-01T11:56:14.143Z] [INFO] OTP resent to existing pending user: asmehra0628@gmail.com
[2025-03-01T11:57:08.227Z] [INFO] OTP resent to existing pending user: asmehra0628@gmail.com
[2025-03-01T12:04:06.068Z] [INFO] OTP resent to existing pending user: asmehra0628@gmail.com
[2025-03-01T12:10:47.362Z] [INFO] OTP resent to existing pending user: asmehra0628@gmail.com
[2025-03-01T12:13:38.248Z] [ERROR] Error in registerByEmail for email asmehra0628@gmail.com: Cannot read properties of undefined (reading 'success')
[2025-03-01T12:14:15.436Z] [ERROR] Error in registerByEmail for email asmehra0628@gmail.com: Cannot read properties of undefined (reading 'error')
[2025-03-01T12:17:46.617Z] [ERROR] Error in registerByEmail for email asmehra0628@gmail.com: Cannot read properties of undefined (reading 'success')
[2025-03-01T12:22:46.853Z] [ERROR] Error in registerByEmail for email asmehra0628@gmail.com: Connection timeout
[2025-03-01T17:34:48.993Z] [ERROR] Error in registerByEmail for email asmehra0628@gmail.com: Cannot read properties of undefined (reading 'success')
[2025-03-01T17:41:22.963Z] [ERROR] Error in registerByEmail for email asmehra0628@gmail.com: Cannot read properties of undefined (reading 'success')
[2025-03-01T17:45:30.897Z] [INFO] OTP resent to existing pending user: asmehra0628@gmail.com
[2025-03-01T17:47:39.148Z] [INFO] New OTP sent to new user: asmehra0628@gmail.com
[2025-03-01T17:54:05.184Z] [ERROR] Error in registerByEmail for email asmehra0628@gmail.com: hashOtp is not defined
[2025-03-01T17:54:50.544Z] [ERROR] Error in registerByEmail for email asmehra0628@gmail.com: hashOtp is not defined
[2025-03-01T17:54:59.896Z] [ERROR] Error in registerByEmail for email asmehra0628@gmail.com: hashOtp is not defined
[2025-03-01T17:55:44.661Z] [ERROR] Error in registerByEmail for email asmehra0628@gmail.com: hashOtp is not defined
[2025-03-01T17:56:04.925Z] [ERROR] Error in registerByEmail for email asmehra0628@gmail.com: hashOtp is not defined
[2025-03-01T17:56:35.827Z] [ERROR] Error in registerByEmail for email asmehra0628@gmail.com: hashOtp is not defined
[2025-03-01T17:57:40.829Z] [ERROR] Error in registerByEmail for email asmehra0628@gmail.com: hashOtp is not defined
[2025-03-01T17:57:56.416Z] [ERROR] Error in registerByEmail for email asmehra0628@gmail.com: hashOtp is not defined
[2025-03-01T17:58:55.487Z] [ERROR] Error in registerByEmail for email asmehra0628@gmail.com: data must be a string or Buffer and salt must either be a salt string or a number of rounds
[2025-03-01T17:58:59.366Z] [ERROR] Error in registerByEmail for email asmehra0628@gmail.com: data must be a string or Buffer and salt must either be a salt string or a number of rounds
[2025-03-01T17:59:09.721Z] [ERROR] Error in registerByEmail for email asmehra0628@gmail.com: data must be a string or Buffer and salt must either be a salt string or a number of rounds
[2025-03-01T18:00:10.210Z] [ERROR] Error in registerByEmail for email asmehra0628@gmail.com: data must be a string or Buffer and salt must either be a salt string or a number of rounds
[2025-03-01T18:02:10.851Z] [ERROR] Error in registerByEmail for email asmehra0628@gmail.com: invalid input syntax for type integer: "$2b$10$1ozX81bQokLnltce3rvQnesi6epWNV/LIDiHEX4yjO0QhBCJoO2Em"
[2025-03-01T18:03:31.838Z] [INFO] New OTP sent to new user: asmehra0628@gmail.com
[2025-03-01T18:06:01.375Z] [INFO] OTP successfully verified for: asmehra0628@gmail.com
[2025-03-01T18:07:36.498Z] [INFO] User registration completed successfully for: asmehra0628@gmail.com
