[2025-03-01T10:21:26.490Z] [ERROR] Failed to fetch user by email asmehra0628@gmail.com: relation "Users" does not exist
[2025-03-01T10:23:11.117Z] [ERROR] Failed to fetch user by email asmehra0628@gmail.com: relation "Users" does not exist
[2025-03-01T10:23:34.517Z] [ERROR] Failed to fetch user by email asmehra0628@gmail.com: relation "Users" does not exist
[2025-03-01T10:24:23.215Z] [ERROR] Failed to fetch user by email asmehra0628@gmail.com: relation "Users" does not exist
[2025-03-01T10:24:30.938Z] [ERROR] Failed to fetch user by email asmehra0628@gmail.com: relation "Users" does not exist
[2025-03-01T10:26:09.081Z] [ERROR] Failed to fetch user by email asmehra0628@gmail.com: relation "Users" does not exist
[2025-03-01T10:29:57.983Z] [ERROR] Failed to fetch user by email asmehra0628@gmail.com: relation "Users" does not exist
[2025-03-01T10:30:06.246Z] [ERROR] Failed to fetch user by email asmehra0628@gmail.com: relation "Users" does not exist
[2025-03-01T10:31:38.085Z] [ERROR] Failed to fetch user by email asmehra0628@gmail.com: relation "Users" does not exist
[2025-03-01T10:33:05.546Z] [ERROR] Failed to fetch user by email asmehra0628@gmail.com: relation "Users" does not exist
[2025-03-01T10:33:23.323Z] [ERROR] Failed to fetch user by email asmehra0628@gmail.com: relation "Users" does not exist
[2025-03-01T10:33:38.966Z] [ERROR] Failed to fetch user by email asmehra0628@gmail.com: relation "Users" does not exist
[2025-03-01T10:34:11.434Z] [ERROR] Failed to fetch user by email asmehra0628@gmail.com: relation "Users" does not exist
[2025-03-01T10:35:49.607Z] [ERROR] Failed to fetch user by email asmehra0628@gmail.com: relation "Users" does not exist
[2025-03-01T10:37:19.527Z] [ERROR] Failed to fetch user by email asmehra0628@gmail.com: relation "Users" does not exist
[2025-03-01T11:26:41.492Z] [INFO] Fetched user by email: asmehra0628@gmail.com
[2025-03-01T11:26:41.553Z] [ERROR] Failed to create pending user asmehra0628@gmail.com: syntax error at or near "ON"
[2025-03-01T11:27:58.876Z] [INFO] Fetched user by email: asmehra0628@gmail.com
[2025-03-01T11:27:58.906Z] [ERROR] Failed to create pending user asmehra0628@gmail.com: syntax error at or near "ON"
[2025-03-01T11:28:38.417Z] [INFO] Fetched user by email: asmehra0628@gmail.com
[2025-03-01T11:28:38.458Z] [ERROR] Failed to create pending user asmehra0628@gmail.com: syntax error at or near "ON"
[2025-03-01T11:29:21.093Z] [INFO] Fetched user by email: asmehra0628@gmail.com
[2025-03-01T11:29:21.132Z] [ERROR] Failed to create pending user asmehra0628@gmail.com: syntax error at or near "ON"
[2025-03-01T11:29:57.473Z] [INFO] Fetched user by email: asmehra0628@gmail.com
[2025-03-01T11:29:57.517Z] [ERROR] Failed to create pending user asmehra0628@gmail.com: syntax error at or near "ON"
[2025-03-01T11:30:12.661Z] [INFO] Fetched user by email: asmehra0628@gmail.com
[2025-03-01T11:30:12.692Z] [ERROR] Failed to create pending user asmehra0628@gmail.com: syntax error at or near "ON"
[2025-03-01T11:30:25.897Z] [ERROR] Failed to create pending user asmehra0628@gmail.com: syntax error at or near "ON"
[2025-03-01T11:30:25.869Z] [INFO] Fetched user by email: asmehra0628@gmail.com
[2025-03-01T11:39:19.824Z] [INFO] Fetched user by email: asmehra0628@gmail.com
[2025-03-01T11:39:19.868Z] [ERROR] Failed to create pending user asmehra0628@gmail.com: syntax error at or near "ON"
[2025-03-01T11:39:28.871Z] [INFO] Fetched user by email: asmehra0628@gmail.com
[2025-03-01T11:39:28.881Z] [ERROR] Failed to create pending user asmehra0628@gmail.com: syntax error at or near "ON"
[2025-03-01T11:40:14.062Z] [INFO] Fetched user by email: asmehra0628@gmail.com
[2025-03-01T11:40:14.072Z] [ERROR] Failed to create pending user asmehra0628@gmail.com: syntax error at or near "ON"
[2025-03-01T11:45:09.927Z] [INFO] Fetched user by email: asmehra0628@gmail.com
[2025-03-01T11:45:09.966Z] [ERROR] Failed to create pending user asmehra0628@gmail.com: syntax error at or near "ON"
[2025-03-01T11:48:22.302Z] [INFO] Fetched user by email: asmehra0628@gmail.com
[2025-03-01T11:48:22.366Z] [INFO] Created new pending user: asmehra0628@gmail.com
[2025-03-01T11:52:35.502Z] [INFO] Fetched user by email: asmehra0628@gmail.com
[2025-03-01T11:52:35.538Z] [INFO] Updated OTP for user: asmehra0628@gmail.com
[2025-03-01T11:54:37.088Z] [INFO] Fetched user by email: asmehra0628@gmail.com
[2025-03-01T11:54:37.114Z] [INFO] Updated OTP for user: asmehra0628@gmail.com
[2025-03-01T11:55:59.032Z] [INFO] Fetched user by email: asmehra0628@gmail.com
[2025-03-01T11:55:59.078Z] [INFO] Updated OTP for user: asmehra0628@gmail.com
[2025-03-01T11:56:53.114Z] [INFO] Fetched user by email: asmehra0628@gmail.com
[2025-03-01T11:56:53.152Z] [INFO] Updated OTP for user: asmehra0628@gmail.com
[2025-03-01T12:03:50.950Z] [INFO] Fetched user by email: asmehra0628@gmail.com
[2025-03-01T12:03:50.983Z] [INFO] Updated OTP for user: asmehra0628@gmail.com
[2025-03-01T12:10:32.075Z] [INFO] Fetched user by email: asmehra0628@gmail.com
[2025-03-01T12:10:32.132Z] [INFO] Updated OTP for user: asmehra0628@gmail.com
[2025-03-01T12:13:22.968Z] [INFO] Fetched user by email: asmehra0628@gmail.com
[2025-03-01T12:13:23.001Z] [INFO] Updated OTP for user: asmehra0628@gmail.com
[2025-03-01T12:14:00.299Z] [INFO] Fetched user by email: asmehra0628@gmail.com
[2025-03-01T12:14:00.320Z] [INFO] Updated OTP for user: asmehra0628@gmail.com
[2025-03-01T12:17:31.276Z] [INFO] Fetched user by email: asmehra0628@gmail.com
[2025-03-01T12:17:31.305Z] [INFO] Updated OTP for user: asmehra0628@gmail.com
[2025-03-01T12:21:55.696Z] [INFO] Fetched user by email: asmehra0628@gmail.com
[2025-03-01T12:21:55.725Z] [INFO] Updated OTP for user: asmehra0628@gmail.com
[2025-03-01T17:34:43.186Z] [INFO] Fetched user by email: asmehra0628@gmail.com
[2025-03-01T17:34:43.261Z] [INFO] Updated OTP for user: asmehra0628@gmail.com
[2025-03-01T17:41:14.394Z] [INFO] Fetched user by email: asmehra0628@gmail.com
[2025-03-01T17:41:14.464Z] [INFO] Updated OTP for user: asmehra0628@gmail.com
[2025-03-01T17:45:22.481Z] [INFO] Fetched user by email: asmehra0628@gmail.com
[2025-03-01T17:45:22.526Z] [INFO] Updated OTP for user: asmehra0628@gmail.com
[2025-03-01T17:47:32.823Z] [INFO] Fetched user by email: asmehra0628@gmail.com
[2025-03-01T17:47:32.850Z] [INFO] Created new pending user: asmehra0628@gmail.com
[2025-03-01T17:54:05.178Z] [INFO] Fetched user by email: asmehra0628@gmail.com
[2025-03-01T17:54:50.543Z] [INFO] Fetched user by email: asmehra0628@gmail.com
[2025-03-01T17:54:59.895Z] [INFO] Fetched user by email: asmehra0628@gmail.com
[2025-03-01T17:55:44.660Z] [INFO] Fetched user by email: asmehra0628@gmail.com
[2025-03-01T17:56:04.924Z] [INFO] Fetched user by email: asmehra0628@gmail.com
[2025-03-01T17:56:35.826Z] [INFO] Fetched user by email: asmehra0628@gmail.com
[2025-03-01T17:57:40.826Z] [INFO] Fetched user by email: asmehra0628@gmail.com
[2025-03-01T17:57:56.414Z] [INFO] Fetched user by email: asmehra0628@gmail.com
[2025-03-01T17:58:55.484Z] [INFO] Fetched user by email: asmehra0628@gmail.com
[2025-03-01T17:58:59.364Z] [INFO] Fetched user by email: asmehra0628@gmail.com
[2025-03-01T17:59:09.719Z] [INFO] Fetched user by email: asmehra0628@gmail.com
[2025-03-01T18:00:10.208Z] [INFO] Fetched user by email: asmehra0628@gmail.com
[2025-03-01T18:02:10.692Z] [INFO] Fetched user by email: asmehra0628@gmail.com
[2025-03-01T18:02:10.851Z] [ERROR] Failed to create pending user asmehra0628@gmail.com: invalid input syntax for type integer: "$2b$10$1ozX81bQokLnltce3rvQnesi6epWNV/LIDiHEX4yjO0QhBCJoO2Em"
[2025-03-01T18:03:23.454Z] [INFO] Fetched user by email: asmehra0628@gmail.com
[2025-03-01T18:03:23.488Z] [INFO] Created new pending user: asmehra0628@gmail.com
[2025-03-01T18:06:01.374Z] [INFO] Fetched user by email: asmehra0628@gmail.com
[2025-03-01T18:07:36.385Z] [INFO] Fetched user by email: asmehra0628@gmail.com
[2025-03-01T18:07:36.498Z] [INFO] User registration completed: asmehra0628@gmail.com
[2025-03-01T18:18:03.314Z] [INFO] Fetched user by email: asmehra0628@gmail.com
[2025-03-01T18:19:05.720Z] [INFO] Fetched user by email: asmehra0628@gmail.com
